Running algorithm:
{Unrecognized function or variable 'r'.

Error in <a href="matlab:matlab.lang.internal.introspective.errorDocCallback('main', '/Users/andreasschaab/Dropbox/GSS/experimental_codes/01_partial_equilibrium_diffusion/main.m', 36)" style="font-weight:bold">main</a> (<a href="matlab: opentoline('/Users/andreasschaab/Dropbox/GSS/experimental_codes/01_partial_equilibrium_diffusion/main.m',36,0)">line 36</a>)
G.income = r * G.a + w .* G.z;
           ^
} 
opentoline('/Users/andreasschaab/Dropbox/GSS/experimental_codes/01_partial_equilibrium_diffusion/main.m',36,0)
main
Running algorithm:
VFI: 1    Remaining Gap: 1.21e+01
VFI: 2    Remaining Gap: 5.87e-01
VFI: 3    Remaining Gap: 1.13e-01
VFI: 4    Remaining Gap: 3.37e-02
VFI: 5    Remaining Gap: 1.13e-02
VFI: 6    Remaining Gap: 1.11e-03
VFI: 7    Remaining Gap: 2.32e-05
VFI: 8    Remaining Gap: 1.43e-07


Algorithm converged. Run-time of: 0.24 seconds.

Plotting Figures...
{Error using <a href="matlab:matlab.lang.internal.introspective.errorDocCallback('mesh', '/Applications/MATLAB_R2024b.app/toolbox/matlab/graphics/graphics/graph3d/mesh.m', 71)" style="font-weight:bold">mesh</a> (<a href="matlab: opentoline('/Applications/MATLAB_R2024b.app/toolbox/matlab/graphics/graphics/graph3d/mesh.m',71,0)">line 71</a>)
Data dimensions must agree.

Error in <a href="matlab:matlab.lang.internal.introspective.errorDocCallback('main', '/Users/andreasschaab/Dropbox/GSS/experimental_codes/01_partial_equilibrium_diffusion/main.m', 61)" style="font-weight:bold">main</a> (<a href="matlab: opentoline('/Users/andreasschaab/Dropbox/GSS/experimental_codes/01_partial_equilibrium_diffusion/main.m',61,0)">line 61</a>)
mesh(aa, zz, reshape(V, [Ja, Jz]));
^^^^^^^^^^^^^^^^^^^^^^^^^^^^^^^^^^
} 
reshape(V, [Ja, Jz])

ans =

  -51.3750  -51.2604  -51.1451  -51.0333  -50.9247  -50.8194  -50.7170  -50.6176  -50.5210  -50.4284  -50.3383  -50.2501  -50.1635  -50.0781  -49.9940  -49.9110  -49.8319
  -51.2668  -51.1570  -51.0462  -50.9384  -50.8336  -50.7317  -50.6325  -50.5359  -50.4418  -50.3512  -50.2625  -50.1756  -50.0900  -50.0057  -49.9225  -49.8403  -49.7620
  -51.1663  -51.0602  -50.9530  -50.8485  -50.7468  -50.6476  -50.5509  -50.4566  -50.3645  -50.2754  -50.1881  -50.1022  -50.0176  -49.9342  -49.8518  -49.7704  -49.6928
  -51.0708  -50.9679  -50.8637  -50.7620  -50.6629  -50.5660  -50.4715  -50.3790  -50.2885  -50.2008  -50.1146  -50.0297  -49.9460  -49.8634  -49.7818  -49.7012  -49.6243
  -50.9790  -50.8789  -50.7774  -50.6781  -50.5812  -50.4864  -50.3936  -50.3028  -50.2137  -50.1272  -50.0421  -49.9581  -49.8752  -49.7934  -49.7125  -49.6326  -49.5563
  -50.8904  -50.7927  -50.6935  -50.5964  -50.5013  -50.4083  -50.3172  -50.2277  -50.1400  -50.0545  -49.9704  -49.8872  -49.8052  -49.7241  -49.6439  -49.5646  -49.4889
  -50.8042  -50.7087  -50.6115  -50.5163  -50.4231  -50.3316  -50.2419  -50.1537  -50.0672  -49.9827  -49.8994  -49.8171  -49.7357  -49.6553  -49.5758  -49.4972  -49.4220
  -50.7202  -50.6266  -50.5313  -50.4378  -50.3461  -50.2561  -50.1677  -50.0807  -49.9952  -49.9116  -49.8291  -49.7476  -49.6670  -49.5872  -49.5083  -49.4303  -49.3557
  -50.6380  -50.5462  -50.4526  -50.3606  -50.2704  -50.1816  -50.0944  -50.0085  -49.9239  -49.8412  -49.7595  -49.6787  -49.5988  -49.5197  -49.4413  -49.3639  -49.2899
  -50.5575  -50.4672  -50.3752  -50.2847  -50.1957  -50.1081  -50.0220  -49.9371  -49.8534  -49.7715  -49.6906  -49.6104  -49.5311  -49.4526  -49.3749  -49.2980  -49.2245
  -50.4784  -50.3896  -50.2990  -50.2097  -50.1220  -50.0355  -49.9504  -49.8664  -49.7836  -49.7024  -49.6222  -49.5427  -49.4640  -49.3861  -49.3089  -49.2326  -49.1596
  -50.4006  -50.3132  -50.2238  -50.1358  -50.0491  -49.9637  -49.8795  -49.7964  -49.7144  -49.6340  -49.5544  -49.4756  -49.3975  -49.3201  -49.2435  -49.1676  -49.0951
  -50.3240  -50.2378  -50.1497  -50.0628  -49.9772  -49.8927  -49.8094  -49.7271  -49.6458  -49.5660  -49.4871  -49.4089  -49.3314  -49.2546  -49.1785  -49.1031  -49.0310
  -50.2485  -50.1635  -50.0765  -49.9906  -49.9059  -49.8224  -49.7399  -49.6584  -49.5778  -49.4987  -49.4203  -49.3427  -49.2658  -49.1895  -49.1139  -49.0390  -48.9674
  -50.1740  -50.0901  -50.0041  -49.9192  -49.8354  -49.7527  -49.6710  -49.5902  -49.5104  -49.4318  -49.3541  -49.2770  -49.2006  -49.1249  -49.0497  -48.9753  -48.9042
  -50.1004  -50.0175  -49.9325  -49.8485  -49.7656  -49.6837  -49.6027  -49.5226  -49.4434  -49.3655  -49.2883  -49.2118  -49.1359  -49.0607  -48.9860  -48.9121  -48.8414
  -50.0277  -49.9457  -49.8617  -49.7786  -49.6964  -49.6153  -49.5350  -49.4556  -49.3770  -49.2997  -49.2230  -49.1470  -49.0717  -48.9969  -48.9227  -48.8492  -48.7789
  -49.9558  -49.8747  -49.7915  -49.7092  -49.6279  -49.5474  -49.4678  -49.3890  -49.3111  -49.2343  -49.1582  -49.0827  -49.0078  -48.9335  -48.8598  -48.7867  -48.7168
  -49.8847  -49.8044  -49.7220  -49.6405  -49.5599  -49.4801  -49.4011  -49.3230  -49.2456  -49.1693  -49.0938  -49.0188  -48.9444  -48.8705  -48.7972  -48.7246  -48.6551
  -49.8142  -49.7348  -49.6532  -49.5724  -49.4924  -49.4133  -49.3350  -49.2574  -49.1806  -49.1049  -49.0298  -48.9553  -48.8813  -48.8079  -48.7351  -48.6629  -48.5938
  -49.7445  -49.6658  -49.5849  -49.5048  -49.4255  -49.3470  -49.2693  -49.1923  -49.1160  -49.0408  -48.9662  -48.8922  -48.8187  -48.7457  -48.6733  -48.6015  -48.5328
  -49.6753  -49.5974  -49.5172  -49.4378  -49.3591  -49.2813  -49.2041  -49.1276  -49.0519  -48.9771  -48.9030  -48.8294  -48.7564  -48.6838  -48.6118  -48.5404  -48.4721
  -49.6068  -49.5295  -49.4501  -49.3713  -49.2933  -49.2159  -49.1393  -49.0634  -48.9882  -48.9139  -48.8402  -48.7671  -48.6945  -48.6223  -48.5507  -48.4797  -48.4117
  -49.5389  -49.4623  -49.3834  -49.3053  -49.2278  -49.1511  -49.0750  -48.9996  -48.9248  -48.8510  -48.7778  -48.7051  -48.6329  -48.5612  -48.4900  -48.4193  -48.3517
  -49.4715  -49.3955  -49.3173  -49.2397  -49.1629  -49.0867  -49.0111  -48.9362  -48.8619  -48.7885  -48.7157  -48.6435  -48.5717  -48.5004  -48.4295  -48.3593  -48.2920
  -49.4047  -49.3293  -49.2517  -49.1747  -49.0983  -49.0227  -48.9476  -48.8732  -48.7993  -48.7264  -48.6541  -48.5822  -48.5108  -48.4399  -48.3694  -48.2995  -48.2326
  -49.3383  -49.2635  -49.1865  -49.1101  -49.0342  -48.9591  -48.8845  -48.8105  -48.7372  -48.6647  -48.5927  -48.5213  -48.4503  -48.3797  -48.3096  -48.2401  -48.1735
  -49.2725  -49.1982  -49.1218  -49.0459  -48.9706  -48.8959  -48.8218  -48.7483  -48.6754  -48.6033  -48.5317  -48.4607  -48.3901  -48.3199  -48.2502  -48.1810  -48.1148
  -49.2071  -49.1334  -49.0575  -48.9821  -48.9073  -48.8331  -48.7595  -48.6864  -48.6139  -48.5422  -48.4711  -48.4004  -48.3302  -48.2604  -48.1910  -48.1222  -48.0563
  -49.1422  -49.0690  -48.9936  -48.9187  -48.8444  -48.7707  -48.6975  -48.6249  -48.5528  -48.4815  -48.4108  -48.3404  -48.2706  -48.2012  -48.1322  -48.0637  -47.9981
  -49.0778  -49.0051  -48.9302  -48.8558  -48.7819  -48.7086  -48.6359  -48.5637  -48.4920  -48.4211  -48.3508  -48.2808  -48.2113  -48.1422  -48.0736  -48.0054  -47.9402
  -49.0138  -48.9415  -48.8671  -48.7932  -48.7198  -48.6470  -48.5746  -48.5028  -48.4316  -48.3611  -48.2911  -48.2215  -48.1524  -48.0836  -48.0153  -47.9475  -47.8825
  -48.9502  -48.8784  -48.8045  -48.7310  -48.6580  -48.5856  -48.5137  -48.4423  -48.3715  -48.3013  -48.2317  -48.1625  -48.0937  -48.0253  -47.9573  -47.8898  -47.8252
  -48.8870  -48.8157  -48.7422  -48.6692  -48.5966  -48.5247  -48.4532  -48.3822  -48.3117  -48.2419  -48.1726  -48.1038  -48.0353  -47.9673  -47.8996  -47.8324  -47.7681
  -48.8241  -48.7533  -48.6803  -48.6077  -48.5356  -48.4640  -48.3929  -48.3223  -48.2522  -48.1828  -48.1139  -48.0453  -47.9772  -47.9095  -47.8422  -47.7753  -47.7113
  -48.7617  -48.6913  -48.6187  -48.5466  -48.4749  -48.4037  -48.3330  -48.2628  -48.1930  -48.1240  -48.0554  -47.9872  -47.9194  -47.8520  -47.7850  -47.7185  -47.6547
  -48.6997  -48.6297  -48.5575  -48.4858  -48.4145  -48.3437  -48.2734  -48.2035  -48.1341  -48.0654  -47.9972  -47.9293  -47.8619  -47.7948  -47.7281  -47.6619  -47.5984
  -48.6380  -48.5684  -48.4967  -48.4253  -48.3545  -48.2840  -48.2141  -48.1446  -48.0756  -48.0072  -47.9393  -47.8718  -47.8046  -47.7379  -47.6715  -47.6055  -47.5423
  -48.5767  -48.5075  -48.4362  -48.3652  -48.2947  -48.2247  -48.1551  -48.0860  -48.0173  -47.9493  -47.8817  -47.8145  -47.7476  -47.6812  -47.6151  -47.5494  -47.4865
  -48.5157  -48.4469  -48.3760  -48.3054  -48.2353  -48.1656  -48.0964  -48.0276  -47.9593  -47.8916  -47.8243  -47.7574  -47.6909  -47.6248  -47.5590  -47.4936  -47.4310
  -48.4550  -48.3867  -48.3161  -48.2459  -48.1762  -48.1069  -48.0380  -47.9695  -47.9015  -47.8342  -47.7672  -47.7007  -47.6344  -47.5686  -47.5031  -47.4380  -47.3757
  -48.3947  -48.3267  -48.2566  -48.1868  -48.1174  -48.0484  -47.9799  -47.9118  -47.8441  -47.7771  -47.7104  -47.6441  -47.5782  -47.5127  -47.4475  -47.3827  -47.3206
  -48.3347  -48.2671  -48.1973  -48.1279  -48.0588  -47.9902  -47.9220  -47.8543  -47.7869  -47.7202  -47.6539  -47.5879  -47.5223  -47.4570  -47.3921  -47.3276  -47.2657
  -48.2751  -48.2078  -48.1384  -48.0693  -48.0006  -47.9324  -47.8645  -47.7970  -47.7300  -47.6636  -47.5976  -47.5319  -47.4666  -47.4016  -47.3369  -47.2727  -47.2111
  -48.2157  -48.1488  -48.0798  -48.0110  -47.9427  -47.8747  -47.8072  -47.7401  -47.6734  -47.6072  -47.5415  -47.4761  -47.4111  -47.3464  -47.2820  -47.2181  -47.1568
  -48.1567  -48.0901  -48.0214  -47.9530  -47.8850  -47.8174  -47.7502  -47.6834  -47.6170  -47.5512  -47.4857  -47.4206  -47.3559  -47.2914  -47.2274  -47.1637  -47.1026
  -48.0979  -48.0317  -47.9634  -47.8953  -47.8276  -47.7603  -47.6935  -47.6269  -47.5608  -47.4953  -47.4302  -47.3654  -47.3009  -47.2367  -47.1729  -47.1095  -47.0487
  -48.0395  -47.9736  -47.9056  -47.8378  -47.7705  -47.7035  -47.6370  -47.5708  -47.5050  -47.4397  -47.3749  -47.3103  -47.2461  -47.1823  -47.1187  -47.0556  -46.9950
  -47.9813  -47.9158  -47.8481  -47.7807  -47.7137  -47.6470  -47.5807  -47.5148  -47.4493  -47.3844  -47.3198  -47.2555  -47.1916  -47.1280  -47.0647  -47.0018  -46.9415
  -47.9235  -47.8582  -47.7909  -47.7238  -47.6571  -47.5907  -47.5248  -47.4592  -47.3939  -47.3293  -47.2650  -47.2010  -47.1373  -47.0740  -47.0109  -46.9483  -46.8882
  -47.8659  -47.8009  -47.7339  -47.6671  -47.6007  -47.5347  -47.4690  -47.4037  -47.3388  -47.2744  -47.2104  -47.1466  -47.0832  -47.0202  -46.9574  -46.8950  -46.8352
  -47.8086  -47.7439  -47.6772  -47.6108  -47.5447  -47.4789  -47.4135  -47.3485  -47.2839  -47.2197  -47.1560  -47.0925  -47.0294  -46.9666  -46.9041  -46.8419  -46.7823
  -47.7515  -47.6872  -47.6208  -47.5546  -47.4888  -47.4234  -47.3583  -47.2936  -47.2292  -47.1653  -47.1018  -47.0387  -46.9758  -46.9132  -46.8509  -46.7891  -46.7297
  -47.6947  -47.6307  -47.5646  -47.4987  -47.4332  -47.3681  -47.3033  -47.2388  -47.1747  -47.1112  -47.0479  -46.9850  -46.9224  -46.8601  -46.7980  -46.7364  -46.6773
  -47.6382  -47.5745  -47.5087  -47.4431  -47.3779  -47.3130  -47.2485  -47.1843  -47.1205  -47.0572  -46.9942  -46.9315  -46.8692  -46.8071  -46.7453  -46.6839  -46.6250
  -47.5819  -47.5185  -47.4530  -47.3877  -47.3228  -47.2582  -47.1940  -47.1301  -47.0665  -47.0035  -46.9407  -46.8783  -46.8162  -46.7544  -46.6928  -46.6317  -46.5730
  -47.5259  -47.4628  -47.3976  -47.3326  -47.2680  -47.2037  -47.1397  -47.0760  -47.0127  -46.9499  -46.8875  -46.8253  -46.7634  -46.7018  -46.6405  -46.5796  -46.5212
  -47.4702  -47.4073  -47.3424  -47.2777  -47.2133  -47.1493  -47.0856  -47.0222  -46.9592  -46.8966  -46.8344  -46.7725  -46.7109  -46.6495  -46.5885  -46.5278  -46.4695
  -47.4147  -47.3521  -47.2874  -47.2230  -47.1589  -47.0952  -47.0317  -46.9686  -46.9058  -46.8435  -46.7816  -46.7199  -46.6585  -46.5974  -46.5366  -46.4761  -46.4181
  -47.3594  -47.2971  -47.2327  -47.1686  -47.1048  -47.0413  -46.9781  -46.9152  -46.8527  -46.7907  -46.7289  -46.6675  -46.6063  -46.5455  -46.4849  -46.4246  -46.3668
  -47.3044  -47.2423  -47.1782  -47.1144  -47.0508  -46.9876  -46.9247  -46.8621  -46.7998  -46.7380  -46.6765  -46.6153  -46.5544  -46.4937  -46.4334  -46.3734  -46.3158
  -47.2496  -47.1878  -47.1240  -47.0604  -46.9971  -46.9341  -46.8715  -46.8091  -46.7471  -46.6855  -46.6243  -46.5633  -46.5026  -46.4422  -46.3821  -46.3223  -46.2649
  -47.1950  -47.1335  -47.0700  -47.0066  -46.9436  -46.8809  -46.8185  -46.7564  -46.6946  -46.6333  -46.5723  -46.5115  -46.4511  -46.3909  -46.3310  -46.2714  -46.2142
  -47.1407  -47.0794  -47.0161  -46.9531  -46.8903  -46.8278  -46.7657  -46.7038  -46.6423  -46.5812  -46.5204  -46.4599  -46.3997  -46.3397  -46.2800  -46.2207  -46.1637
  -47.0866  -47.0256  -46.9626  -46.8997  -46.8372  -46.7750  -46.7131  -46.6515  -46.5902  -46.5293  -46.4688  -46.4085  -46.3485  -46.2888  -46.2293  -46.1702  -46.1134
  -47.0327  -46.9719  -46.9092  -46.8466  -46.7844  -46.7224  -46.6607  -46.5994  -46.5383  -46.4777  -46.4174  -46.3573  -46.2975  -46.2380  -46.1787  -46.1198  -46.0633
  -46.9790  -46.9185  -46.8560  -46.7937  -46.7317  -46.6700  -46.6086  -46.5474  -46.4866  -46.4262  -46.3661  -46.3063  -46.2467  -46.1874  -46.1284  -46.0697  -46.0133
  -46.9256  -46.8653  -46.8031  -46.7410  -46.6793  -46.6178  -46.5566  -46.4957  -46.4351  -46.3749  -46.3151  -46.2554  -46.1961  -46.1370  -46.0782  -46.0197  -45.9635
  -46.8724  -46.8124  -46.7504  -46.6885  -46.6270  -46.5658  -46.5048  -46.4441  -46.3838  -46.3238  -46.2642  -46.2048  -46.1457  -46.0868  -46.0282  -45.9699  -45.9139
  -46.8193  -46.7596  -46.6978  -46.6363  -46.5750  -46.5140  -46.4532  -46.3928  -46.3326  -46.2729  -46.2135  -46.1543  -46.0954  -46.0367  -45.9783  -45.9202  -45.8645
  -46.7665  -46.7070  -46.6455  -46.5842  -46.5231  -46.4623  -46.4019  -46.3416  -46.2817  -46.2222  -46.1630  -46.1040  -46.0453  -45.9869  -45.9287  -45.8708  -45.8152
  -46.7139  -46.6547  -46.5934  -46.5323  -46.4715  -46.4109  -46.3507  -46.2907  -46.2310  -46.1717  -46.1127  -46.0539  -45.9954  -45.9372  -45.8792  -45.8215  -45.7661
  -46.6616  -46.6025  -46.5415  -46.4806  -46.4200  -46.3597  -46.2997  -46.2399  -46.1804  -46.1213  -46.0626  -46.0040  -45.9457  -45.8877  -45.8299  -45.7724  -45.7172
  -46.6094  -46.5505  -46.4897  -46.4291  -46.3687  -46.3087  -46.2488  -46.1893  -46.1300  -46.0712  -46.0126  -45.9543  -45.8962  -45.8383  -45.7807  -45.7234  -45.6685
  -46.5574  -46.4988  -46.4382  -46.3778  -46.3177  -46.2578  -46.1982  -46.1389  -46.0798  -46.0212  -45.9628  -45.9047  -45.8468  -45.7892  -45.7317  -45.6747  -45.6199
  -46.5056  -46.4472  -46.3869  -46.3267  -46.2668  -46.2071  -46.1478  -46.0887  -46.0298  -45.9714  -45.9132  -45.8553  -45.7976  -45.7402  -45.6829  -45.6260  -45.5714
  -46.4540  -46.3958  -46.3357  -46.2758  -46.2161  -46.1567  -46.0975  -46.0386  -45.9800  -45.9217  -45.8638  -45.8061  -45.7486  -45.6913  -45.6343  -45.5776  -45.5232
  -46.4026  -46.3447  -46.2848  -46.2250  -46.1656  -46.1064  -46.0474  -45.9887  -45.9303  -45.8723  -45.8145  -45.7570  -45.6997  -45.6426  -45.5858  -45.5293  -45.4751
  -46.3514  -46.2937  -46.2340  -46.1745  -46.1152  -46.0563  -45.9975  -45.9390  -45.8808  -45.8230  -45.7654  -45.7081  -45.6510  -45.5941  -45.5375  -45.4812  -45.4271
  -46.3004  -46.2429  -46.1834  -46.1241  -46.0651  -46.0063  -45.9478  -45.8895  -45.8315  -45.7739  -45.7165  -45.6594  -45.6025  -45.5458  -45.4894  -45.4332  -45.3793
  -46.2495  -46.1923  -46.1330  -46.0739  -46.0151  -45.9566  -45.8982  -45.8402  -45.7823  -45.7249  -45.6678  -45.6108  -45.5541  -45.4976  -45.4414  -45.3854  -45.3317
  -46.1989  -46.1418  -46.0828  -46.0239  -45.9653  -45.9070  -45.8488  -45.7910  -45.7334  -45.6761  -45.6192  -45.5624  -45.5059  -45.4496  -45.3935  -45.3378  -45.2842
  -46.1484  -46.0916  -46.0328  -45.9741  -45.9157  -45.8575  -45.7996  -45.7420  -45.6846  -45.6275  -45.5707  -45.5142  -45.4579  -45.4017  -45.3459  -45.2903  -45.2369
  -46.0982  -46.0415  -45.9829  -45.9245  -45.8663  -45.8083  -45.7506  -45.6931  -45.6359  -45.5791  -45.5225  -45.4661  -45.4100  -45.3540  -45.2983  -45.2429  -45.1898
  -46.0481  -45.9916  -45.9332  -45.8750  -45.8170  -45.7592  -45.7017  -45.6445  -45.5874  -45.5308  -45.4744  -45.4182  -45.3622  -45.3065  -45.2510  -45.1958  -45.1427
  -45.9981  -45.9419  -45.8837  -45.8257  -45.7679  -45.7103  -45.6530  -45.5959  -45.5391  -45.4827  -45.4264  -45.3704  -45.3147  -45.2591  -45.2038  -45.1487  -45.0959
  -45.9484  -45.8923  -45.8344  -45.7765  -45.7189  -45.6616  -45.6045  -45.5476  -45.4910  -45.4347  -45.3787  -45.3228  -45.2673  -45.2119  -45.1567  -45.1018  -45.0492
  -45.8988  -45.8430  -45.7852  -45.7276  -45.6702  -45.6130  -45.5561  -45.4994  -45.4430  -45.3869  -45.3310  -45.2754  -45.2200  -45.1648  -45.1098  -45.0551  -45.0026
  -45.8494  -45.7938  -45.7362  -45.6788  -45.6216  -45.5646  -45.5079  -45.4514  -45.3951  -45.3392  -45.2836  -45.2281  -45.1729  -45.1179  -45.0630  -45.0085  -44.9562
  -45.8002  -45.7447  -45.6874  -45.6301  -45.5731  -45.5164  -45.4598  -45.4035  -45.3474  -45.2917  -45.2362  -45.1810  -45.1259  -45.0711  -45.0164  -44.9621  -44.9099
  -45.7512  -45.6959  -45.6387  -45.5817  -45.5249  -45.4683  -45.4119  -45.3558  -45.2999  -45.2444  -45.1891  -45.1340  -45.0791  -45.0244  -44.9700  -44.9158  -44.8638
  -45.7023  -45.6472  -45.5902  -45.5334  -45.4768  -45.4204  -45.3642  -45.3083  -45.2525  -45.1972  -45.1421  -45.0872  -45.0324  -44.9779  -44.9237  -44.8696  -44.8178
  -45.6536  -45.5987  -45.5419  -45.4852  -45.4288  -45.3726  -45.3166  -45.2609  -45.2053  -45.1502  -45.0952  -45.0405  -44.9859  -44.9316  -44.8775  -44.8236  -44.7719
  -45.6050  -45.5503  -45.4937  -45.4372  -45.3810  -45.3250  -45.2692  -45.2136  -45.1583  -45.1033  -45.0485  -44.9939  -44.9396  -44.8854  -44.8315  -44.7778  -44.7262
  -45.5566  -45.5021  -45.4457  -45.3894  -45.3334  -45.2775  -45.2219  -45.1665  -45.1114  -45.0565  -45.0019  -44.9475  -44.8933  -44.8394  -44.7856  -44.7321  -44.6807
  -45.5084  -45.4541  -45.3978  -45.3418  -45.2859  -45.2302  -45.1748  -45.1196  -45.0646  -45.0099  -44.9555  -44.9013  -44.8473  -44.7934  -44.7398  -44.6865  -44.6353
  -45.4603  -45.4062  -45.3501  -45.2942  -45.2386  -45.1831  -45.1278  -45.0728  -45.0180  -44.9635  -44.9092  -44.8552  -44.8013  -44.7477  -44.6942  -44.6410  -44.5900
  -45.4124  -45.3585  -45.3026  -45.2469  -45.1914  -45.1361  -45.0810  -45.0261  -44.9715  -44.9172  -44.8631  -44.8092  -44.7555  -44.7020  -44.6488  -44.5957  -44.5448
  -45.3647  -45.3109  -45.2552  -45.1997  -45.1444  -45.0892  -45.0343  -44.9797  -44.9252  -44.8711  -44.8171  -44.7634  -44.7099  -44.6566  -44.6034  -44.5506  -44.4998
  -45.3171  -45.2635  -45.2080  -45.1526  -45.0975  -45.0425  -44.9878  -44.9333  -44.8790  -44.8250  -44.7713  -44.7177  -44.6644  -44.6112  -44.5582  -44.5055  -44.4549
  -45.2697  -45.2162  -45.1609  -45.1057  -45.0508  -44.9960  -44.9414  -44.8871  -44.8330  -44.7792  -44.7256  -44.6722  -44.6190  -44.5660  -44.5132  -44.4606  -44.4102
  -45.2224  -45.1691  -45.1140  -45.0590  -45.0042  -44.9496  -44.8952  -44.8410  -44.7871  -44.7335  -44.6800  -44.6268  -44.5738  -44.5209  -44.4683  -44.4159  -44.3656
  -45.1753  -45.1221  -45.0672  -45.0124  -44.9578  -44.9033  -44.8491  -44.7951  -44.7413  -44.6879  -44.6346  -44.5815  -44.5287  -44.4760  -44.4235  -44.3713  -44.3211
  -45.1283  -45.0753  -45.0206  -44.9659  -44.9115  -44.8572  -44.8032  -44.7494  -44.6957  -44.6424  -44.5893  -44.5364  -44.4837  -44.4312  -44.3788  -44.3268  -44.2767
  -45.0815  -45.0287  -44.9741  -44.9196  -44.8653  -44.8113  -44.7574  -44.7037  -44.6503  -44.5971  -44.5442  -44.4914  -44.4389  -44.3865  -44.3343  -44.2824  -44.2325
  -45.0348  -44.9822  -44.9278  -44.8735  -44.8193  -44.7654  -44.7117  -44.6582  -44.6049  -44.5519  -44.4992  -44.4466  -44.3942  -44.3420  -44.2899  -44.2382  -44.1884
  -44.9883  -44.9358  -44.8816  -44.8274  -44.7735  -44.7197  -44.6662  -44.6129  -44.5597  -44.5069  -44.4543  -44.4019  -44.3496  -44.2975  -44.2457  -44.1940  -44.1445
  -44.9419  -44.8896  -44.8355  -44.7816  -44.7278  -44.6742  -44.6208  -44.5676  -44.5147  -44.4620  -44.4095  -44.3573  -44.3052  -44.2533  -44.2015  -44.1501  -44.1006
  -44.8956  -44.8435  -44.7896  -44.7358  -44.6822  -44.6288  -44.5756  -44.5226  -44.4698  -44.4172  -44.3649  -44.3128  -44.2609  -44.2091  -44.1575  -44.1062  -44.0569
  -44.8496  -44.7976  -44.7439  -44.6902  -44.6368  -44.5835  -44.5305  -44.4776  -44.4250  -44.3726  -44.3205  -44.2685  -44.2167  -44.1651  -44.1137  -44.0625  -44.0134
  -44.8036  -44.7518  -44.6982  -44.6448  -44.5915  -44.5384  -44.4855  -44.4328  -44.3803  -44.3281  -44.2761  -44.2243  -44.1727  -44.1212  -44.0699  -44.0189  -43.9699
  -44.7578  -44.7062  -44.6527  -44.5994  -44.5463  -44.4934  -44.4407  -44.3881  -44.3358  -44.2837  -44.2319  -44.1802  -44.1287  -44.0774  -44.0263  -43.9754  -43.9266
  -44.7121  -44.6607  -44.6074  -44.5543  -44.5013  -44.4485  -44.3960  -44.3436  -44.2914  -44.2395  -44.1878  -44.1363  -44.0850  -44.0338  -43.9828  -43.9321  -43.8834
  -44.6666  -44.6153  -44.5622  -44.5092  -44.4564  -44.4038  -44.3514  -44.2992  -44.2471  -44.1954  -44.1438  -44.0925  -44.0413  -43.9903  -43.9394  -43.8888  -43.8403
  -44.6212  -44.5701  -44.5171  -44.4643  -44.4117  -44.3592  -44.3070  -44.2549  -44.2030  -44.1514  -44.1000  -44.0488  -43.9978  -43.9469  -43.8962  -43.8457  -43.7973
  -44.5760  -44.5250  -44.4722  -44.4195  -44.3670  -44.3148  -44.2626  -44.2107  -44.1590  -44.1076  -44.0563  -44.0052  -43.9543  -43.9036  -43.8531  -43.8028  -43.7545
  -44.5309  -44.4800  -44.4274  -44.3749  -44.3226  -44.2704  -44.2185  -44.1667  -44.1151  -44.0638  -44.0127  -43.9618  -43.9111  -43.8605  -43.8101  -43.7599  -43.7117
  -44.4859  -44.4352  -44.3827  -44.3304  -44.2782  -44.2262  -44.1744  -44.1228  -44.0714  -44.0202  -43.9693  -43.9185  -43.8679  -43.8174  -43.7672  -43.7172  -43.6691
  -44.4410  -44.3905  -44.3382  -44.2860  -44.2340  -44.1821  -44.1305  -44.0790  -44.0277  -43.9768  -43.9259  -43.8753  -43.8248  -43.7745  -43.7244  -43.6745  -43.6266
  -44.3963  -44.3459  -44.2938  -44.2417  -44.1899  -44.1382  -44.0867  -44.0354  -43.9842  -43.9334  -43.8827  -43.8322  -43.7819  -43.7318  -43.6818  -43.6320  -43.5843
  -44.3517  -44.3015  -44.2495  -44.1976  -44.1459  -44.0944  -44.0430  -43.9919  -43.9409  -43.8902  -43.8396  -43.7893  -43.7391  -43.6891  -43.6393  -43.5896  -43.5420
  -44.3073  -44.2572  -44.2054  -44.1536  -44.1021  -44.0507  -43.9995  -43.9485  -43.8976  -43.8471  -43.7967  -43.7465  -43.6964  -43.6466  -43.5968  -43.5474  -43.4999
  -44.2630  -44.2130  -44.1614  -44.1098  -44.0584  -44.0071  -43.9561  -43.9052  -43.8545  -43.8041  -43.7538  -43.7038  -43.6539  -43.6041  -43.5546  -43.5052  -43.4578
  -44.2188  -44.1690  -44.1175  -44.0660  -44.0148  -43.9637  -43.9128  -43.8620  -43.8115  -43.7612  -43.7111  -43.6612  -43.6114  -43.5618  -43.5124  -43.4632  -43.4159
  -44.1747  -44.1251  -44.0737  -44.0224  -43.9713  -43.9204  -43.8696  -43.8190  -43.7686  -43.7185  -43.6685  -43.6187  -43.5691  -43.5196  -43.4703  -43.4213  -43.3741
  -44.1308  -44.0813  -44.0301  -43.9789  -43.9280  -43.8772  -43.8265  -43.7761  -43.7258  -43.6758  -43.6260  -43.5764  -43.5269  -43.4775  -43.4284  -43.3794  -43.3324
  -44.0870  -44.0377  -43.9866  -43.9356  -43.8847  -43.8341  -43.7836  -43.7333  -43.6832  -43.6333  -43.5836  -43.5341  -43.4848  -43.4356  -43.3865  -43.3377  -43.2909
  -44.0433  -43.9941  -43.9432  -43.8923  -43.8417  -43.7911  -43.7408  -43.6906  -43.6407  -43.5909  -43.5414  -43.4920  -43.4428  -43.3937  -43.3448  -43.2962  -43.2494
  -43.9998  -43.9507  -43.8999  -43.8492  -43.7987  -43.7483  -43.6981  -43.6481  -43.5982  -43.5487  -43.4993  -43.4500  -43.4009  -43.3520  -43.3032  -43.2547  -43.2081
  -43.9564  -43.9074  -43.8568  -43.8062  -43.7558  -43.7056  -43.6555  -43.6057  -43.5559  -43.5065  -43.4572  -43.4081  -43.3592  -43.3104  -43.2617  -43.2133  -43.1668
  -43.9131  -43.8643  -43.8138  -43.7633  -43.7131  -43.6630  -43.6131  -43.5633  -43.5138  -43.4645  -43.4153  -43.3663  -43.3175  -43.2689  -43.2203  -43.1721  -43.1257
  -43.8699  -43.8212  -43.7709  -43.7206  -43.6705  -43.6205  -43.5708  -43.5211  -43.4717  -43.4225  -43.3735  -43.3247  -43.2760  -43.2275  -43.1791  -43.1309  -43.0847
  -43.8268  -43.7783  -43.7281  -43.6780  -43.6280  -43.5782  -43.5285  -43.4791  -43.4298  -43.3807  -43.3318  -43.2831  -43.2346  -43.1862  -43.1379  -43.0899  -43.0438
  -43.7839  -43.7355  -43.6854  -43.6354  -43.5856  -43.5359  -43.4864  -43.4371  -43.3879  -43.3390  -43.2903  -43.2417  -43.1933  -43.1450  -43.0969  -43.0490  -43.0030
  -43.7411  -43.6928  -43.6429  -43.5930  -43.5433  -43.4938  -43.4444  -43.3952  -43.3462  -43.2974  -43.2488  -43.2004  -43.1521  -43.1039  -43.0559  -43.0081  -42.9623
  -43.6984  -43.6503  -43.6005  -43.5508  -43.5012  -43.4518  -43.4026  -43.3535  -43.3046  -43.2559  -43.2075  -43.1591  -43.1110  -43.0629  -43.0151  -42.9674  -42.9217
  -43.6558  -43.6078  -43.5582  -43.5086  -43.4592  -43.4099  -43.3608  -43.3119  -43.2631  -43.2146  -43.1662  -43.1180  -43.0700  -43.0221  -42.9744  -42.9268  -42.8812
  -43.6134  -43.5655  -43.5160  -43.4665  -43.4173  -43.3681  -43.3192  -43.2704  -43.2217  -43.1733  -43.1251  -43.0770  -43.0291  -42.9813  -42.9337  -42.8863  -42.8408
  -43.5710  -43.5233  -43.4739  -43.4246  -43.3754  -43.3265  -43.2776  -43.2289  -43.1804  -43.1322  -43.0841  -43.0361  -42.9883  -42.9407  -42.8932  -42.8459  -42.8005
  -43.5288  -43.4812  -43.4320  -43.3828  -43.3338  -43.2849  -43.2362  -43.1877  -43.1393  -43.0911  -43.0432  -42.9954  -42.9477  -42.9002  -42.8528  -42.8056  -42.7604
  -43.4867  -43.4392  -43.3901  -43.3411  -43.2922  -43.2435  -43.1949  -43.1465  -43.0982  -43.0502  -43.0024  -42.9547  -42.9071  -42.8597  -42.8125  -42.7655  -42.7203
  -43.4447  -43.3974  -43.3484  -43.2995  -43.2507  -43.2021  -43.1537  -43.1054  -43.0573  -43.0094  -42.9617  -42.9141  -42.8667  -42.8194  -42.7723  -42.7254  -42.6803
  -43.4028  -43.3556  -43.3068  -43.2580  -43.2094  -43.1609  -43.1126  -43.0644  -43.0164  -42.9687  -42.9211  -42.8736  -42.8263  -42.7792  -42.7322  -42.6854  -42.6405
  -43.3611  -43.3140  -43.2653  -43.2166  -43.1681  -43.1198  -43.0716  -43.0236  -42.9757  -42.9281  -42.8806  -42.8333  -42.7861  -42.7391  -42.6922  -42.6455  -42.6007
  -43.3194  -43.2725  -43.2239  -43.1753  -43.1270  -43.0788  -43.0307  -42.9828  -42.9351  -42.8876  -42.8402  -42.7930  -42.7460  -42.6991  -42.6523  -42.6058  -42.5610
  -43.2779  -43.2310  -43.1826  -43.1342  -43.0860  -43.0379  -42.9899  -42.9422  -42.8945  -42.8472  -42.7999  -42.7529  -42.7059  -42.6592  -42.6125  -42.5661  -42.5215
  -43.2364  -43.1897  -43.1414  -43.0931  -43.0450  -42.9971  -42.9493  -42.9016  -42.8541  -42.8069  -42.7598  -42.7128  -42.6660  -42.6193  -42.5728  -42.5265  -42.4820
  -43.1951  -43.1485  -43.1003  -43.0522  -43.0042  -42.9564  -42.9087  -42.8612  -42.8138  -42.7667  -42.7197  -42.6729  -42.6262  -42.5796  -42.5332  -42.4870  -42.4426
  -43.1539  -43.1075  -43.0594  -43.0114  -42.9635  -42.9158  -42.8683  -42.8209  -42.7736  -42.7266  -42.6797  -42.6330  -42.5865  -42.5400  -42.4937  -42.4477  -42.4034
  -43.1128  -43.0665  -43.0185  -42.9707  -42.9229  -42.8754  -42.8279  -42.7806  -42.7335  -42.6866  -42.6399  -42.5933  -42.5468  -42.5005  -42.4543  -42.4084  -42.3642
  -43.0718  -43.0256  -42.9778  -42.9300  -42.8824  -42.8350  -42.7877  -42.7405  -42.6935  -42.6467  -42.6001  -42.5536  -42.5073  -42.4611  -42.4150  -42.3692  -42.3251
  -43.0309  -42.9849  -42.9372  -42.8895  -42.8421  -42.7947  -42.7475  -42.7005  -42.6536  -42.6070  -42.5605  -42.5141  -42.4679  -42.4218  -42.3759  -42.3301  -42.2862
  -42.9902  -42.9442  -42.8966  -42.8491  -42.8018  -42.7546  -42.7075  -42.6606  -42.6138  -42.5673  -42.5209  -42.4747  -42.4286  -42.3826  -42.3368  -42.2911  -42.2473
  -42.9495  -42.9037  -42.8562  -42.8088  -42.7616  -42.7145  -42.6676  -42.6208  -42.5741  -42.5277  -42.4814  -42.4353  -42.3893  -42.3435  -42.2978  -42.2522  -42.2085
  -42.9089  -42.8632  -42.8159  -42.7686  -42.7215  -42.6746  -42.6277  -42.5811  -42.5345  -42.4882  -42.4421  -42.3961  -42.3502  -42.3045  -42.2589  -42.2135  -42.1698
  -42.8685  -42.8229  -42.7757  -42.7285  -42.6816  -42.6347  -42.5880  -42.5414  -42.4950  -42.4489  -42.4028  -42.3569  -42.3112  -42.2655  -42.2200  -42.1748  -42.1313
  -42.8281  -42.7826  -42.7356  -42.6886  -42.6417  -42.5950  -42.5484  -42.5019  -42.4556  -42.4096  -42.3637  -42.3179  -42.2722  -42.2267  -42.1813  -42.1362  -42.0928
  -42.7879  -42.7425  -42.6956  -42.6487  -42.6019  -42.5553  -42.5088  -42.4625  -42.4163  -42.3704  -42.3246  -42.2789  -42.2334  -42.1880  -42.1427  -42.0977  -42.0544
  -42.7477  -42.7025  -42.6557  -42.6089  -42.5623  -42.5158  -42.4694  -42.4232  -42.3771  -42.3313  -42.2856  -42.2401  -42.1946  -42.1494  -42.1042  -42.0592  -42.0161
  -42.7077  -42.6626  -42.6158  -42.5692  -42.5227  -42.4763  -42.4301  -42.3840  -42.3380  -42.2923  -42.2467  -42.2013  -42.1560  -42.1108  -42.0658  -42.0209  -41.9778
  -42.6678  -42.6227  -42.5761  -42.5296  -42.4832  -42.4370  -42.3908  -42.3449  -42.2990  -42.2534  -42.2080  -42.1626  -42.1174  -42.0724  -42.0274  -41.9827  -41.9397
  -42.6279  -42.5830  -42.5365  -42.4901  -42.4439  -42.3977  -42.3517  -42.3059  -42.2601  -42.2146  -42.1693  -42.1241  -42.0790  -42.0340  -41.9892  -41.9446  -41.9017
  -42.5882  -42.5434  -42.4970  -42.4507  -42.4046  -42.3586  -42.3127  -42.2669  -42.2213  -42.1759  -42.1307  -42.0856  -42.0406  -41.9958  -41.9511  -41.9065  -41.8638
  -42.5486  -42.5039  -42.4576  -42.4115  -42.3654  -42.3195  -42.2737  -42.2281  -42.1826  -42.1373  -42.0922  -42.0472  -42.0023  -41.9576  -41.9130  -41.8686  -41.8259
  -42.5090  -42.4645  -42.4183  -42.3723  -42.3263  -42.2805  -42.2349  -42.1894  -42.1440  -42.0988  -42.0538  -42.0089  -41.9642  -41.9195  -41.8750  -41.8307  -41.7882
  -42.4696  -42.4251  -42.3791  -42.3332  -42.2874  -42.2417  -42.1961  -42.1507  -42.1055  -42.0604  -42.0155  -41.9707  -41.9261  -41.8816  -41.8372  -41.7930  -41.7505
  -42.4303  -42.3859  -42.3400  -42.2942  -42.2485  -42.2029  -42.1575  -42.1122  -42.0670  -42.0221  -41.9773  -41.9326  -41.8881  -41.8437  -41.7994  -41.7553  -41.7129
  -42.3910  -42.3468  -42.3010  -42.2553  -42.2097  -42.1643  -42.1189  -42.0737  -42.0287  -41.9839  -41.9392  -41.8946  -41.8502  -41.8059  -41.7617  -41.7177  -41.6754
  -42.3519  -42.3078  -42.2621  -42.2165  -42.1710  -42.1257  -42.0805  -42.0354  -41.9905  -41.9457  -41.9012  -41.8567  -41.8124  -41.7682  -41.7241  -41.6802  -41.6380
  -42.3128  -42.2688  -42.2233  -42.1778  -42.1324  -42.0872  -42.0421  -41.9971  -41.9523  -41.9077  -41.8632  -41.8189  -41.7746  -41.7305  -41.6866  -41.6428  -41.6007
  -42.2739  -42.2300  -42.1846  -42.1392  -42.0939  -42.0488  -42.0038  -41.9590  -41.9143  -41.8697  -41.8254  -41.7811  -41.7370  -41.6930  -41.6492  -41.6055  -41.5635
  -42.2350  -42.1913  -42.1459  -42.1007  -42.0555  -42.0105  -41.9656  -41.9209  -41.8763  -41.8319  -41.7876  -41.7435  -41.6995  -41.6556  -41.6118  -41.5682  -41.5264
  -42.1963  -42.1526  -42.1074  -42.0622  -42.0172  -41.9723  -41.9275  -41.8829  -41.8384  -41.7941  -41.7500  -41.7059  -41.6620  -41.6182  -41.5746  -41.5311  -41.4893
  -42.1576  -42.1141  -42.0690  -42.0239  -41.9790  -41.9342  -41.8895  -41.8450  -41.8006  -41.7564  -41.7124  -41.6685  -41.6246  -41.5810  -41.5374  -41.4940  -41.4524
  -42.1191  -42.0756  -42.0306  -41.9857  -41.9409  -41.8962  -41.8516  -41.8072  -41.7629  -41.7188  -41.6749  -41.6311  -41.5874  -41.5438  -41.5003  -41.4571  -41.4155
  -42.0806  -42.0373  -41.9924  -41.9475  -41.9028  -41.8583  -41.8138  -41.7695  -41.7253  -41.6813  -41.6375  -41.5938  -41.5502  -41.5067  -41.4634  -41.4202  -41.3787
  -42.0422  -41.9990  -41.9542  -41.9095  -41.8649  -41.8204  -41.7761  -41.7319  -41.6878  -41.6439  -41.6002  -41.5566  -41.5131  -41.4697  -41.4265  -41.3834  -41.3420
  -42.0040  -41.9608  -41.9162  -41.8715  -41.8271  -41.7827  -41.7385  -41.6944  -41.6504  -41.6066  -41.5630  -41.5195  -41.4761  -41.4328  -41.3896  -41.3467  -41.3054
  -41.9658  -41.9227  -41.8782  -41.8337  -41.7893  -41.7450  -41.7009  -41.6569  -41.6130  -41.5694  -41.5258  -41.4824  -41.4391  -41.3960  -41.3529  -41.3100  -41.2689
  -41.9277  -41.8847  -41.8403  -41.7959  -41.7516  -41.7075  -41.6635  -41.6196  -41.5758  -41.5322  -41.4888  -41.4455  -41.4023  -41.3592  -41.3163  -41.2735  -41.2324
  -41.8897  -41.8469  -41.8025  -41.7582  -41.7140  -41.6700  -41.6261  -41.5823  -41.5386  -41.4952  -41.4518  -41.4086  -41.3655  -41.3226  -41.2797  -41.2370  -41.1960
  -41.8518  -41.8090  -41.7648  -41.7206  -41.6766  -41.6326  -41.5888  -41.5451  -41.5016  -41.4582  -41.4150  -41.3719  -41.3289  -41.2860  -41.2432  -41.2007  -41.1598
  -41.8140  -41.7713  -41.7272  -41.6831  -41.6392  -41.5953  -41.5516  -41.5080  -41.4646  -41.4213  -41.3782  -41.3352  -41.2923  -41.2495  -41.2068  -41.1644  -41.1236
  -41.7762  -41.7337  -41.6897  -41.6457  -41.6018  -41.5581  -41.5145  -41.4710  -41.4277  -41.3845  -41.3415  -41.2986  -41.2558  -41.2131  -41.1705  -41.1282  -41.0874
  -41.7386  -41.6962  -41.6522  -41.6084  -41.5646  -41.5210  -41.4775  -41.4341  -41.3909  -41.3478  -41.3049  -41.2620  -41.2194  -41.1768  -41.1343  -41.0920  -41.0514
  -41.7010  -41.6587  -41.6149  -41.5711  -41.5275  -41.4840  -41.4406  -41.3973  -41.3541  -41.3112  -41.2683  -41.2256  -41.1830  -41.1405  -41.0982  -41.0560  -41.0154
  -41.6636  -41.6214  -41.5776  -41.5340  -41.4904  -41.4470  -41.4037  -41.3605  -41.3175  -41.2746  -41.2319  -41.1893  -41.1468  -41.1044  -41.0621  -41.0200  -40.9796
  -41.6262  -41.5841  -41.5405  -41.4969  -41.4535  -41.4101  -41.3669  -41.3239  -41.2809  -41.2382  -41.1955  -41.1530  -41.1106  -41.0683  -41.0261  -40.9841  -40.9438
  -41.5889  -41.5469  -41.5034  -41.4599  -41.4166  -41.3734  -41.3303  -41.2873  -41.2444  -41.2018  -41.1592  -41.1168  -41.0745  -41.0323  -40.9902  -40.9483  -40.9081
  -41.5517  -41.5098  -41.4664  -41.4230  -41.3798  -41.3367  -41.2937  -41.2508  -41.2080  -41.1655  -41.1230  -41.0807  -41.0385  -40.9964  -40.9544  -40.9126  -40.8724
  -41.5146  -41.4728  -41.4295  -41.3862  -41.3431  -41.3001  -41.2572  -41.2144  -41.1717  -41.1293  -41.0869  -41.0447  -41.0026  -40.9606  -40.9187  -40.8770  -40.8369
  -41.4776  -41.4359  -41.3927  -41.3495  -41.3065  -41.2635  -41.2207  -41.1781  -41.1355  -41.0931  -41.0509  -41.0088  -40.9667  -40.9248  -40.8830  -40.8414  -40.8014
  -41.4407  -41.3990  -41.3559  -41.3129  -41.2699  -41.2271  -41.1844  -41.1418  -41.0994  -41.0571  -41.0149  -40.9729  -40.9310  -40.8892  -40.8475  -40.8059  -40.7660
  -41.4038  -41.3623  -41.3193  -41.2763  -41.2335  -41.1908  -41.1481  -41.1057  -41.0633  -41.0211  -40.9791  -40.9371  -40.8953  -40.8536  -40.8120  -40.7705  -40.7307
  -41.3670  -41.3256  -41.2827  -41.2399  -41.1971  -41.1545  -41.1120  -41.0696  -41.0273  -40.9852  -40.9433  -40.9014  -40.8597  -40.8181  -40.7765  -40.7352  -40.6955
  -41.3304  -41.2890  -41.2462  -41.2035  -41.1608  -41.1183  -41.0759  -41.0336  -40.9914  -40.9494  -40.9076  -40.8658  -40.8242  -40.7826  -40.7412  -40.7000  -40.6603
  -41.2938  -41.2525  -41.2098  -41.1672  -41.1246  -41.0822  -41.0399  -40.9977  -40.9556  -40.9137  -40.8719  -40.8303  -40.7887  -40.7473  -40.7059  -40.6648  -40.6252
  -41.2573  -41.2161  -41.1735  -41.1309  -41.0885  -41.0462  -41.0039  -40.9618  -40.9199  -40.8781  -40.8364  -40.7948  -40.7534  -40.7120  -40.6708  -40.6297  -40.5902
  -41.2208  -41.1798  -41.1373  -41.0948  -41.0525  -41.0102  -40.9681  -40.9261  -40.8842  -40.8425  -40.8009  -40.7594  -40.7181  -40.6768  -40.6357  -40.5947  -40.5553
  -41.1845  -41.1435  -41.1011  -41.0588  -41.0165  -40.9744  -40.9323  -40.8904  -40.8486  -40.8070  -40.7655  -40.7241  -40.6829  -40.6417  -40.6006  -40.5598  -40.5205
  -41.1482  -41.1074  -41.0651  -41.0228  -40.9806  -40.9386  -40.8966  -40.8548  -40.8131  -40.7716  -40.7302  -40.6889  -40.6477  -40.6067  -40.5657  -40.5249  -40.4857
  -41.1121  -41.0713  -41.0291  -40.9869  -40.9448  -40.9029  -40.8610  -40.8193  -40.7777  -40.7363  -40.6950  -40.6538  -40.6127  -40.5717  -40.5308  -40.4901  -40.4510
  -41.0760  -41.0353  -40.9932  -40.9511  -40.9091  -40.8673  -40.8255  -40.7839  -40.7424  -40.7010  -40.6598  -40.6187  -40.5777  -40.5368  -40.4960  -40.4554  -40.4164
  -41.0400  -40.9994  -40.9573  -40.9154  -40.8735  -40.8317  -40.7901  -40.7485  -40.7071  -40.6659  -40.6247  -40.5837  -40.5428  -40.5020  -40.4613  -40.4208  -40.3818
  -41.0040  -40.9635  -40.9216  -40.8797  -40.8379  -40.7963  -40.7547  -40.7133  -40.6719  -40.6308  -40.5897  -40.5488  -40.5080  -40.4673  -40.4267  -40.3862  -40.3474
  -40.9682  -40.9278  -40.8859  -40.8441  -40.8025  -40.7609  -40.7194  -40.6781  -40.6368  -40.5958  -40.5548  -40.5140  -40.4732  -40.4326  -40.3921  -40.3517  -40.3130
  -40.9324  -40.8921  -40.8504  -40.8087  -40.7671  -40.7256  -40.6842  -40.6429  -40.6018  -40.5608  -40.5200  -40.4792  -40.4386  -40.3980  -40.3576  -40.3173  -40.2786
  -40.8967  -40.8565  -40.8149  -40.7732  -40.7317  -40.6904  -40.6491  -40.6079  -40.5668  -40.5260  -40.4852  -40.4445  -40.4040  -40.3635  -40.3232  -40.2830  -40.2444
  -40.8611  -40.8210  -40.7794  -40.7379  -40.6965  -40.6552  -40.6140  -40.5729  -40.5320  -40.4912  -40.4505  -40.4099  -40.3695  -40.3291  -40.2888  -40.2487  -40.2102
  -40.8256  -40.7856  -40.7441  -40.7027  -40.6613  -40.6201  -40.5790  -40.5380  -40.4972  -40.4565  -40.4159  -40.3754  -40.3350  -40.2947  -40.2546  -40.2146  -40.1761
  -40.7901  -40.7502  -40.7088  -40.6675  -40.6263  -40.5851  -40.5441  -40.5032  -40.4624  -40.4218  -40.3813  -40.3409  -40.3006  -40.2605  -40.2204  -40.1804  -40.1421
  -40.7548  -40.7149  -40.6736  -40.6324  -40.5913  -40.5502  -40.5093  -40.4685  -40.4278  -40.3873  -40.3469  -40.3066  -40.2663  -40.2262  -40.1862  -40.1464  -40.1081
  -40.7195  -40.6797  -40.6385  -40.5974  -40.5563  -40.5154  -40.4746  -40.4338  -40.3932  -40.3528  -40.3125  -40.2722  -40.2321  -40.1921  -40.1522  -40.1124  -40.0742
  -40.6843  -40.6446  -40.6035  -40.5624  -40.5215  -40.4806  -40.4399  -40.3993  -40.3587  -40.3184  -40.2781  -40.2380  -40.1980  -40.1580  -40.1182  -40.0785  -40.0404
  -40.6491  -40.6095  -40.5685  -40.5276  -40.4867  -40.4459  -40.4053  -40.3647  -40.3243  -40.2840  -40.2439  -40.2038  -40.1639  -40.1241  -40.0843  -40.0447  -40.0067
  -40.6141  -40.5746  -40.5337  -40.4928  -40.4520  -40.4113  -40.3708  -40.3303  -40.2900  -40.2498  -40.2097  -40.1698  -40.1299  -40.0901  -40.0505  -40.0110  -39.9730
  -40.5791  -40.5397  -40.4988  -40.4581  -40.4174  -40.3768  -40.3363  -40.2960  -40.2557  -40.2156  -40.1756  -40.1357  -40.0960  -40.0563  -40.0167  -39.9773  -39.9394
  -40.5442  -40.5049  -40.4641  -40.4234  -40.3828  -40.3423  -40.3019  -40.2617  -40.2215  -40.1815  -40.1416  -40.1018  -40.0621  -40.0225  -39.9830  -39.9437  -39.9059
  -40.5094  -40.4701  -40.4295  -40.3889  -40.3484  -40.3079  -40.2676  -40.2275  -40.1874  -40.1474  -40.1076  -40.0679  -40.0283  -39.9888  -39.9494  -39.9102  -39.8724
  -40.4746  -40.4355  -40.3949  -40.3544  -40.3140  -40.2736  -40.2334  -40.1933  -40.1533  -40.1135  -40.0738  -40.0341  -39.9946  -39.9552  -39.9159  -39.8767  -39.8390
  -40.4400  -40.4009  -40.3604  -40.3200  -40.2796  -40.2394  -40.1993  -40.1592  -40.1193  -40.0796  -40.0399  -40.0004  -39.9610  -39.9216  -39.8824  -39.8433  -39.8057
  -40.4054  -40.3664  -40.3260  -40.2856  -40.2454  -40.2052  -40.1652  -40.1253  -40.0854  -40.0458  -40.0062  -39.9667  -39.9274  -39.8881  -39.8490  -39.8100  -39.7725
  -40.3708  -40.3319  -40.2916  -40.2514  -40.2112  -40.1711  -40.1312  -40.0913  -40.0516  -40.0120  -39.9725  -39.9332  -39.8939  -39.8547  -39.8156  -39.7767  -39.7393
  -40.3364  -40.2975  -40.2573  -40.2172  -40.1771  -40.1371  -40.0973  -40.0575  -40.0178  -39.9783  -39.9389  -39.8996  -39.8605  -39.8214  -39.7824  -39.7435  -39.7062
  -40.3020  -40.2633  -40.2231  -40.1830  -40.1431  -40.1032  -40.0634  -40.0237  -39.9841  -39.9447  -39.9054  -39.8662  -39.8271  -39.7881  -39.7492  -39.7104  -39.6732
  -40.2677  -40.2290  -40.1890  -40.1490  -40.1091  -40.0693  -40.0296  -39.9900  -39.9505  -39.9112  -39.8720  -39.8328  -39.7938  -39.7549  -39.7160  -39.6774  -39.6402
  -40.2335  -40.1949  -40.1549  -40.1150  -40.0752  -40.0355  -39.9959  -39.9564  -39.9170  -39.8777  -39.8386  -39.7995  -39.7606  -39.7217  -39.6830  -39.6444  -39.6073
  -40.1993  -40.1608  -40.1210  -40.0811  -40.0414  -40.0018  -39.9622  -39.9228  -39.8835  -39.8443  -39.8053  -39.7663  -39.7274  -39.6887  -39.6500  -39.6115  -39.5744
  -40.1652  -40.1268  -40.0870  -40.0473  -40.0077  -39.9681  -39.9287  -39.8893  -39.8501  -39.8110  -39.7720  -39.7331  -39.6943  -39.6557  -39.6171  -39.5786  -39.5417
  -40.1312  -40.0929  -40.0532  -40.0135  -39.9740  -39.9345  -39.8952  -39.8559  -39.8167  -39.7777  -39.7388  -39.7000  -39.6613  -39.6227  -39.5842  -39.5458  -39.5090
  -40.0973  -40.0591  -40.0194  -39.9799  -39.9404  -39.9010  -39.8617  -39.8225  -39.7835  -39.7445  -39.7057  -39.6670  -39.6284  -39.5899  -39.5514  -39.5131  -39.4763
  -40.0634  -40.0253  -39.9857  -39.9462  -39.9069  -39.8676  -39.8284  -39.7893  -39.7503  -39.7114  -39.6727  -39.6340  -39.5955  -39.5571  -39.5187  -39.4805  -39.4438
  -40.0296  -39.9916  -39.9521  -39.9127  -39.8734  -39.8342  -39.7951  -39.7560  -39.7171  -39.6784  -39.6397  -39.6012  -39.5627  -39.5243  -39.4860  -39.4479  -39.4113
  -39.9959  -39.9579  -39.9186  -39.8792  -39.8400  -39.8009  -39.7618  -39.7229  -39.6841  -39.6454  -39.6068  -39.5683  -39.5299  -39.4917  -39.4535  -39.4154  -39.3788
  -39.9623  -39.9244  -39.8851  -39.8458  -39.8067  -39.7676  -39.7287  -39.6898  -39.6511  -39.6125  -39.5740  -39.5356  -39.4973  -39.4591  -39.4209  -39.3830  -39.3465
  -39.9287  -39.8909  -39.8517  -39.8125  -39.7734  -39.7345  -39.6956  -39.6568  -39.6181  -39.5796  -39.5412  -39.5029  -39.4647  -39.4265  -39.3885  -39.3506  -39.3142
  -39.8952  -39.8574  -39.8183  -39.7792  -39.7403  -39.7014  -39.6626  -39.6239  -39.5853  -39.5468  -39.5085  -39.4703  -39.4321  -39.3941  -39.3561  -39.3183  -39.2819
  -39.8618  -39.8241  -39.7850  -39.7460  -39.7071  -39.6683  -39.6296  -39.5910  -39.5525  -39.5141  -39.4759  -39.4377  -39.3996  -39.3617  -39.3238  -39.2860  -39.2498
  -39.8284  -39.7908  -39.7518  -39.7129  -39.6741  -39.6354  -39.5967  -39.5582  -39.5198  -39.4815  -39.4433  -39.4052  -39.3672  -39.3293  -39.2915  -39.2539  -39.2177
  -39.7951  -39.7576  -39.7187  -39.6799  -39.6411  -39.6025  -39.5639  -39.5255  -39.4871  -39.4489  -39.4108  -39.3728  -39.3349  -39.2971  -39.2593  -39.2217  -39.1856
  -39.7619  -39.7244  -39.6856  -39.6469  -39.6082  -39.5697  -39.5312  -39.4928  -39.4545  -39.4164  -39.3784  -39.3404  -39.3026  -39.2649  -39.2272  -39.1897  -39.1536
  -39.7287  -39.6913  -39.6526  -39.6140  -39.5754  -39.5369  -39.4985  -39.4602  -39.4220  -39.3840  -39.3460  -39.3082  -39.2704  -39.2327  -39.1951  -39.1577  -39.1217
  -39.6956  -39.6583  -39.6197  -39.5811  -39.5426  -39.5042  -39.4659  -39.4277  -39.3896  -39.3516  -39.3137  -39.2759  -39.2382  -39.2006  -39.1631  -39.1258  -39.0899
  -39.6626  -39.6254  -39.5868  -39.5483  -39.5099  -39.4716  -39.4333  -39.3952  -39.3572  -39.3193  -39.2815  -39.2438  -39.2062  -39.1686  -39.1312  -39.0939  -39.0581
  -39.6297  -39.5925  -39.5540  -39.5156  -39.4773  -39.4390  -39.4009  -39.3628  -39.3248  -39.2870  -39.2493  -39.2117  -39.1741  -39.1367  -39.0993  -39.0621  -39.0264
  -39.5968  -39.5597  -39.5213  -39.4830  -39.4447  -39.4065  -39.3685  -39.3305  -39.2926  -39.2548  -39.2172  -39.1796  -39.1422  -39.1048  -39.0675  -39.0304  -38.9947
  -39.5640  -39.5270  -39.4887  -39.4504  -39.4122  -39.3741  -39.3361  -39.2982  -39.2604  -39.2227  -39.1852  -39.1477  -39.1103  -39.0730  -39.0358  -38.9987  -38.9631
  -39.5312  -39.4943  -39.4561  -39.4179  -39.3798  -39.3417  -39.3038  -39.2660  -39.2283  -39.1907  -39.1532  -39.1158  -39.0785  -39.0413  -39.0041  -38.9671  -38.9316
  -39.4985  -39.4617  -39.4235  -39.3854  -39.3474  -39.3095  -39.2716  -39.2339  -39.1962  -39.1587  -39.1213  -39.0839  -39.0467  -39.0096  -38.9725  -38.9356  -38.9001
  -39.4659  -39.4292  -39.3911  -39.3530  -39.3151  -39.2772  -39.2395  -39.2018  -39.1642  -39.1268  -39.0894  -39.0522  -39.0150  -38.9779  -38.9410  -38.9041  -38.8687
  -39.4334  -39.3967  -39.3587  -39.3207  -39.2828  -39.2451  -39.2074  -39.1698  -39.1323  -39.0949  -39.0576  -39.0205  -38.9834  -38.9464  -38.9095  -38.8727  -38.8374
  -39.4009  -39.3643  -39.3264  -39.2885  -39.2507  -39.2130  -39.1753  -39.1378  -39.1004  -39.0631  -39.0259  -38.9888  -38.9518  -38.9149  -38.8780  -38.8413  -38.8061
  -39.3685  -39.3319  -39.2941  -39.2563  -39.2186  -39.1809  -39.1434  -39.1059  -39.0686  -39.0314  -38.9943  -38.9572  -38.9203  -38.8834  -38.8467  -38.8100  -38.7748
  -39.3361  -39.2997  -39.2619  -39.2242  -39.1865  -39.1490  -39.1115  -39.0741  -39.0368  -38.9997  -38.9627  -38.9257  -38.8888  -38.8521  -38.8154  -38.7788  -38.7437
  -39.3038  -39.2675  -39.2298  -39.1921  -39.1545  -39.1171  -39.0797  -39.0424  -39.0052  -38.9681  -38.9311  -38.8942  -38.8575  -38.8207  -38.7841  -38.7476  -38.7126
  -39.2716  -39.2353  -39.1977  -39.1601  -39.1226  -39.0852  -39.0479  -39.0107  -38.9735  -38.9366  -38.8997  -38.8628  -38.8261  -38.7895  -38.7529  -38.7165  -38.6815
  -39.2395  -39.2032  -39.1657  -39.1282  -39.0908  -39.0534  -39.0162  -38.9790  -38.9420  -38.9051  -38.8682  -38.8315  -38.7949  -38.7583  -38.7218  -38.6855  -38.6506

aa

aa =

   -1.0000
   -0.9180
   -0.8359
   -0.7539
   -0.6719
   -0.5898
   -0.5078
   -0.4258
   -0.3438
   -0.2617
   -0.1797
   -0.0977
   -0.0156
    0.0664
    0.1484
    0.2305
    0.3125
    0.3945
    0.4766
    0.5586
    0.6406
    0.7227
    0.8047
    0.8867
    0.9688
    1.0508
    1.1328
    1.2148
    1.2969
    1.3789
    1.4609
    1.5430
    1.6250
    1.7070
    1.7891
    1.8711
    1.9531
    2.0352
    2.1172
    2.1992
    2.2812
    2.3633
    2.4453
    2.5273
    2.6094
    2.6914
    2.7734
    2.8555
    2.9375
    3.0195
    3.1016
    3.1836
    3.2656
    3.3477
    3.4297
    3.5117
    3.5938
    3.6758
    3.7578
    3.8398
    3.9219
    4.0039
    4.0859
    4.1680
    4.2500
    4.3320
    4.4141
    4.4961
    4.5781
    4.6602
    4.7422
    4.8242
    4.9062
    4.9883
    5.0703
    5.1523
    5.2344
    5.3164
    5.3984
    5.4805
    5.5625
    5.6445
    5.7266
    5.8086
    5.8906
    5.9727
    6.0547
    6.1367
    6.2188
    6.3008
    6.3828
    6.4648
    6.5469
    6.6289
    6.7109
    6.7930
    6.8750
    6.9570
    7.0391
    7.1211
    7.2031
    7.2852
    7.3672
    7.4492
    7.5312
    7.6133
    7.6953
    7.7773
    7.8594
    7.9414
    8.0234
    8.1055
    8.1875
    8.2695
    8.3516
    8.4336
    8.5156
    8.5977
    8.6797
    8.7617
    8.8438
    8.9258
    9.0078
    9.0898
    9.1719
    9.2539
    9.3359
    9.4180
    9.5000
    9.5820
    9.6641
    9.7461
    9.8281
    9.9102
    9.9922
   10.0742
   10.1562
   10.2383
   10.3203
   10.4023
   10.4844
   10.5664
   10.6484
   10.7305
   10.8125
   10.8945
   10.9766
   11.0586
   11.1406
   11.2227
   11.3047
   11.3867
   11.4688
   11.5508
   11.6328
   11.7148
   11.7969
   11.8789
   11.9609
   12.0430
   12.1250
   12.2070
   12.2891
   12.3711
   12.4531
   12.5352
   12.6172
   12.6992
   12.7812
   12.8633
   12.9453
   13.0273
   13.1094
   13.1914
   13.2734
   13.3555
   13.4375
   13.5195
   13.6016
   13.6836
   13.7656
   13.8477
   13.9297
   14.0117
   14.0938
   14.1758
   14.2578
   14.3398
   14.4219
   14.5039
   14.5859
   14.6680
   14.7500
   14.8320
   14.9141
   14.9961
   15.0781
   15.1602
   15.2422
   15.3242
   15.4062
   15.4883
   15.5703
   15.6523
   15.7344
   15.8164
   15.8984
   15.9805
   16.0625
   16.1445
   16.2266
   16.3086
   16.3906
   16.4727
   16.5547
   16.6367
   16.7188
   16.8008
   16.8828
   16.9648
   17.0469
   17.1289
   17.2109
   17.2930
   17.3750
   17.4570
   17.5391
   17.6211
   17.7031
   17.7852
   17.8672
   17.9492
   18.0312
   18.1133
   18.1953
   18.2773
   18.3594
   18.4414
   18.5234
   18.6055
   18.6875
   18.7695
   18.8516
   18.9336
   19.0156
   19.0977
   19.1797
   19.2617
   19.3438
   19.4258
   19.5078
   19.5898
   19.6719
   19.7539
   19.8359
   19.9180
   20.0000

zz

zz =

    0.8000
    0.8250
    0.8500
    0.8750
    0.9000
    0.9250
    0.9500
    0.9750
    1.0000
    1.0250
    1.0500
    1.0750
    1.1000
    1.1250
    1.1500
    1.1750
    1.2000

help mesh
 <strong>mesh</strong> - Mesh surface plot
    This MATLAB function creates a mesh plot, which is a three-dimensional
    surface that has solid edge colors and no face colors.

    Syntax
      <strong>mesh</strong>(X,Y,Z)

      <strong>mesh</strong>(Z)
      <strong>mesh</strong>(Z,C)
      <strong>mesh</strong>(___,C)

      <strong>mesh</strong>(ax,___)
      <strong>mesh</strong>(___,Name,Value)
      s = <strong>mesh</strong>(___)

    Input Arguments
      <a href="matlab:web /Applications/MATLAB_R2024b.app/help/matlab/ref/mesh.html#mw_c9089399-37d6-4ce1-bd8e-3ac4f619e0b3">X</a> - x-coordinates
        matrix | vector
      <a href="matlab:web /Applications/MATLAB_R2024b.app/help/matlab/ref/mesh.html#mw_628157f3-09c5-409e-ba42-56e5fc4a2d8f">Y</a> - y-coordinates
        matrix | vector
      <a href="matlab:web /Applications/MATLAB_R2024b.app/help/matlab/ref/mesh.html#mw_4fb02eee-3c68-4a1f-a6c1-0058dfde3626">Z</a> - z-coordinates
        matrix
      <a href="matlab:web /Applications/MATLAB_R2024b.app/help/matlab/ref/mesh.html#mw_21620dd2-fd0e-42e6-8c3a-aa1d4cba88c6">C</a> - Color array
        matrix | m-by-n-by-3 array of RGB triplets
      <a href="matlab:web /Applications/MATLAB_R2024b.app/help/matlab/ref/mesh.html#mw_8a5bb918-c3bb-441d-9715-2ff79771e019">ax</a> - Axes to plot in
        axes object

    Name-Value Arguments
      <a href="matlab:web /Applications/MATLAB_R2024b.app/help/matlab/ref/mesh.html#bquiipx-18_sep_shared-EdgeColor">EdgeColor</a> - Edge line color
        [0 0 0] (default) | 'none' | 'flat' | 'interp' | RGB triplet |
        hexadecimal color code | 'r' | 'g' | 'b' | ...
      <a href="matlab:web /Applications/MATLAB_R2024b.app/help/matlab/ref/mesh.html#bquiipx-18_sep_shared-LineStyle">LineStyle</a> - Line style
        "-" (default) | "--" | ":" | "-." | "none"
      <a href="matlab:web /Applications/MATLAB_R2024b.app/help/matlab/ref/mesh.html#bquiipx-18_sep_shared-FaceColor">FaceColor</a> - Face color
        'flat' (default) | 'interp' | 'none' | 'texturemap' | RGB triplet |
        hexadecimal color code | 'r' | 'g' | 'b' | ...
      <a href="matlab:web /Applications/MATLAB_R2024b.app/help/matlab/ref/mesh.html#bquiipx-18_sep_shared-FaceAlpha">FaceAlpha</a> - Face transparency
        1 (default) | scalar in range [0,1] | 'flat' | 'interp' |
        'texturemap'
      <a href="matlab:web /Applications/MATLAB_R2024b.app/help/matlab/ref/mesh.html#bquiipx-18_sep_shared-FaceLighting">FaceLighting</a> - Effect of light objects on faces
        'flat' | 'gouraud' | 'none'

    Examples
      <a href="matlab:openExample('graphics/CreateMeshPlotOfSincFunctionExample')">Create Mesh Plot</a>
      <a href="matlab:openExample('graphics/SpecifyColorFoMeshPlotExample')">Specify Colormap Colors for Mesh Plot</a>
      <a href="matlab:openExample('graphics/SpecifyTrueColorsForMeshSurfacePlotExample')">Specify True Colors for Mesh Plot</a>
      <a href="matlab:openExample('graphics/ChangeLightingAndLineWidthForMeshPlotExample')">Modify Mesh Plot Appearance</a>

    See also <a href="matlab:help colormap -displayBanner">colormap</a>, <a href="matlab:help pcolor -displayBanner">pcolor</a>, <a href="matlab:help meshgrid -displayBanner">meshgrid</a>, <a href="matlab:help imagesc -displayBanner">imagesc</a>, <a href="matlab:help meshc -displayBanner">meshc</a>, <a href="matlab:help view -displayBanner">view</a>, <a href="matlab:help surf -displayBanner">surf</a>, <a href="matlab:help meshz -displayBanner">meshz</a>,
      <a href="matlab:help griddata -displayBanner">griddata</a>, <a href="matlab:help shading -displayBanner">shading</a>, <a href="matlab:help matlab.graphics.chart.primitive.Surface -displayBanner">Surface</a>

    Introduced in MATLAB before R2006a
    <a href="matlab:doc mesh">Documentation for mesh</a>

aa = unique(G.a); zz = unique(G.z); Ja = numel(aa); Jz = numel(zz);
mesh(aa, zz, reshape(V, [Ja, Jz])');
figure; mesh(aa, zz, reshape(c, [Ja, Jz])');
figure; mesh(aa, zz, reshape(s, [Ja, Jz])');
main
Running algorithm:
VFI: 1    Remaining Gap: 1.21e+01
VFI: 2    Remaining Gap: 5.87e-01
VFI: 3    Remaining Gap: 1.13e-01
VFI: 4    Remaining Gap: 3.37e-02
VFI: 5    Remaining Gap: 1.13e-02
VFI: 6    Remaining Gap: 1.11e-03
VFI: 7    Remaining Gap: 2.32e-05
VFI: 8    Remaining Gap: 1.43e-07


Algorithm converged. Run-time of: 0.29 seconds.

Plotting Figures...
Running algorithm:
VFI: 1    Remaining Gap: 1.21e+01
VFI: 2    Remaining Gap: 5.87e-01
VFI: 3    Remaining Gap: 1.13e-01
VFI: 4    Remaining Gap: 3.37e-02
VFI: 5    Remaining Gap: 1.13e-02
VFI: 6    Remaining Gap: 1.11e-03
VFI: 7    Remaining Gap: 2.32e-05
VFI: 8    Remaining Gap: 1.43e-07


Algorithm converged. Run-time of: 0.86 seconds.

Plotting Figures...
[Warning: MATLAB has disabled some advanced graphics rendering features by switching to software OpenGL. For
more information, click <a href="matlab:opengl('problems')">here</a>.] 
Running algorithm:
VFI: 1    Remaining Gap: 1.21e+01
VFI: 2    Remaining Gap: 5.87e-01
VFI: 3    Remaining Gap: 1.13e-01
VFI: 4    Remaining Gap: 3.37e-02
VFI: 5    Remaining Gap: 1.13e-02
VFI: 6    Remaining Gap: 1.11e-03
VFI: 7    Remaining Gap: 2.32e-05
VFI: 8    Remaining Gap: 1.43e-07


Algorithm converged. Run-time of: 0.99 seconds.

Plotting Figures...
[Warning: MATLAB has disabled some advanced graphics rendering features by switching to software OpenGL. For
more information, click <a href="matlab:opengl('problems')">here</a>.] 
Running algorithm:
VFI: 1    Remaining Gap: 1.21e+01
VFI: 2    Remaining Gap: 5.87e-01
VFI: 3    Remaining Gap: 1.13e-01
VFI: 4    Remaining Gap: 3.37e-02
VFI: 5    Remaining Gap: 1.13e-02
VFI: 6    Remaining Gap: 1.11e-03
VFI: 7    Remaining Gap: 2.32e-05
VFI: 8    Remaining Gap: 1.43e-07


Algorithm converged. Run-time of: 0.42 seconds.

Plotting Figures...
Running algorithm:
VFI: 1    Remaining Gap: 1.21e+01
VFI: 2    Remaining Gap: 5.87e-01
VFI: 3    Remaining Gap: 1.13e-01
VFI: 4    Remaining Gap: 3.37e-02
VFI: 5    Remaining Gap: 1.13e-02
VFI: 6    Remaining Gap: 1.11e-03
VFI: 7    Remaining Gap: 2.32e-05
VFI: 8    Remaining Gap: 1.43e-07


Algorithm converged. Run-time of: 0.73 seconds.

Plotting Figures...
[Warning: MATLAB has disabled some advanced graphics rendering features by switching to software OpenGL. For
more information, click <a href="matlab:opengl('problems')">here</a>.] 
Running algorithm:
VFI: 1    Remaining Gap: 1.21e+01
VFI: 2    Remaining Gap: 5.87e-01
VFI: 3    Remaining Gap: 1.13e-01
VFI: 4    Remaining Gap: 3.37e-02
VFI: 5    Remaining Gap: 1.13e-02
VFI: 6    Remaining Gap: 1.11e-03
VFI: 7    Remaining Gap: 2.32e-05
VFI: 8    Remaining Gap: 1.43e-07


Algorithm converged. Run-time of: 0.79 seconds.

Plotting Figures...
[Warning: MATLAB has disabled some advanced graphics rendering features by switching to software OpenGL. For more information, click
<a href="matlab:opengl('problems')">here</a>.] 

Saving all policy function data to CSV file...
Successfully saved data to HJB_data.csv
